# JRE version: OpenJDK Runtime Environment (21.0.5) (build 21.0.5+-13047016-b750.29)
# Java VM: OpenJDK 64-Bit Server VM (21.0.5+-13047016-b750.29, mixed mode, tiered, compressed oops, compressed class ptrs, g1 gc, windows-amd64)
GC Precious Log:
 CardTable entry size: 512
 Card Set container configuration: InlinePtr #cards 4 size 8 Array Of Cards #cards 16 size 48 Howl #buckets 8 coarsen threshold 3686 Howl Bitmap #cards 512 size 80 coarsen threshold 460 Card regions per heap region 1 cards per card region 4096
 CPUs: 4 total, 4 available
 Memory: 12161M
 Large Page Support: Disabled
 NUMA Support: Disabled
 Compressed Oops: Enabled (Zero based)
 Heap Region Size: 2M
 Heap Min Capacity: 8M
 Heap Initial Capacity: 192M
 Heap Max Capacity: 3042M
 Pre-touch: Disabled
 Parallel Workers: 4
 Concurrent Workers: 1
 Concurrent Refinement Workers: 4
 Periodic GC: Disabled
Heap:
 garbage-first heap   total 198656K, used 122392K [0x0000000741e00000, 0x0000000800000000)
  region size 2048K, 10 young (20480K), 3 survivors (6144K)
 Metaspace       used 88910K, committed 89280K, reserved 1179648K
  class space    used 9378K, committed 9536K, reserved 1048576K
GC Heap History (20 events):
Event: 5.295 GC heap before
{Heap before GC invocations=16 (full 0):
 garbage-first heap   total 86016K, used 71125K [0x0000000741e00000, 0x0000000800000000)
  region size 2048K, 10 young (20480K), 2 survivors (4096K)
 Metaspace       used 57398K, committed 57664K, reserved 1114112K
  class space    used 6611K, committed 6720K, reserved 1048576K
}
Event: 5.305 GC heap after
{Heap after GC invocations=17 (full 0):
 garbage-first heap   total 86016K, used 57063K [0x0000000741e00000, 0x0000000800000000)
  region size 2048K, 2 young (4096K), 2 survivors (4096K)
 Metaspace       used 57398K, committed 57664K, reserved 1114112K
  class space    used 6611K, committed 6720K, reserved 1048576K
}
Event: 5.463 GC heap before
{Heap before GC invocations=17 (full 0):
 garbage-first heap   total 86016K, used 71399K [0x0000000741e00000, 0x0000000800000000)
  region size 2048K, 9 young (18432K), 2 survivors (4096K)
 Metaspace       used 57683K, committed 57984K, reserved 1114112K
  class space    used 6640K, committed 6784K, reserved 1048576K
}
Event: 5.476 GC heap after
{Heap after GC invocations=18 (full 0):
 garbage-first heap   total 86016K, used 61165K [0x0000000741e00000, 0x0000000800000000)
  region size 2048K, 2 young (4096K), 2 survivors (4096K)
 Metaspace       used 57683K, committed 57984K, reserved 1114112K
  class space    used 6640K, committed 6784K, reserved 1048576K
}
Event: 5.922 GC heap before
{Heap before GC invocations=19 (full 0):
 garbage-first heap   total 102400K, used 75501K [0x0000000741e00000, 0x0000000800000000)
  region size 2048K, 9 young (18432K), 2 survivors (4096K)
 Metaspace       used 58277K, committed 58560K, reserved 1114112K
  class space    used 6709K, committed 6848K, reserved 1048576K
}
Event: 5.935 GC heap after
{Heap after GC invocations=20 (full 0):
 garbage-first heap   total 102400K, used 64559K [0x0000000741e00000, 0x0000000800000000)
  region size 2048K, 2 young (4096K), 2 survivors (4096K)
 Metaspace       used 58277K, committed 58560K, reserved 1114112K
  class space    used 6709K, committed 6848K, reserved 1048576K
}
Event: 6.200 GC heap before
{Heap before GC invocations=20 (full 0):
 garbage-first heap   total 102400K, used 85039K [0x0000000741e00000, 0x0000000800000000)
  region size 2048K, 12 young (24576K), 2 survivors (4096K)
 Metaspace       used 58545K, committed 58880K, reserved 1114112K
  class space    used 6719K, committed 6848K, reserved 1048576K
}
Event: 6.213 GC heap after
{Heap after GC invocations=21 (full 0):
 garbage-first heap   total 143360K, used 67584K [0x0000000741e00000, 0x0000000800000000)
  region size 2048K, 2 young (4096K), 2 survivors (4096K)
 Metaspace       used 58545K, committed 58880K, reserved 1114112K
  class space    used 6719K, committed 6848K, reserved 1048576K
}
Event: 7.398 GC heap before
{Heap before GC invocations=21 (full 0):
 garbage-first heap   total 143360K, used 112640K [0x0000000741e00000, 0x0000000800000000)
  region size 2048K, 25 young (51200K), 2 survivors (4096K)
 Metaspace       used 62233K, committed 62528K, reserved 1114112K
  class space    used 7057K, committed 7168K, reserved 1048576K
}
Event: 7.413 GC heap after
{Heap after GC invocations=22 (full 0):
 garbage-first heap   total 143360K, used 76438K [0x0000000741e00000, 0x0000000800000000)
  region size 2048K, 4 young (8192K), 4 survivors (8192K)
 Metaspace       used 62233K, committed 62528K, reserved 1114112K
  class space    used 7057K, committed 7168K, reserved 1048576K
}
Event: 8.159 GC heap before
{Heap before GC invocations=22 (full 0):
 garbage-first heap   total 143360K, used 117398K [0x0000000741e00000, 0x0000000800000000)
  region size 2048K, 24 young (49152K), 4 survivors (8192K)
 Metaspace       used 64706K, committed 65024K, reserved 1114112K
  class space    used 7272K, committed 7424K, reserved 1048576K
}
Event: 8.182 GC heap after
{Heap after GC invocations=23 (full 0):
 garbage-first heap   total 143360K, used 86542K [0x0000000741e00000, 0x0000000800000000)
  region size 2048K, 3 young (6144K), 3 survivors (6144K)
 Metaspace       used 64706K, committed 65024K, reserved 1114112K
  class space    used 7272K, committed 7424K, reserved 1048576K
}
Event: 8.831 GC heap before
{Heap before GC invocations=23 (full 0):
 garbage-first heap   total 143360K, used 119310K [0x0000000741e00000, 0x0000000800000000)
  region size 2048K, 19 young (38912K), 3 survivors (6144K)
 Metaspace       used 69324K, committed 69632K, reserved 1114112K
  class space    used 7690K, committed 7808K, reserved 1048576K
}
Event: 8.849 GC heap after
{Heap after GC invocations=24 (full 0):
 garbage-first heap   total 143360K, used 92183K [0x0000000741e00000, 0x0000000800000000)
  region size 2048K, 3 young (6144K), 3 survivors (6144K)
 Metaspace       used 69324K, committed 69632K, reserved 1114112K
  class space    used 7690K, committed 7808K, reserved 1048576K
}
Event: 9.527 GC heap before
{Heap before GC invocations=25 (full 0):
 garbage-first heap   total 157696K, used 120855K [0x0000000741e00000, 0x0000000800000000)
  region size 2048K, 18 young (36864K), 3 survivors (6144K)
 Metaspace       used 72567K, committed 72896K, reserved 1114112K
  class space    used 7925K, committed 8064K, reserved 1048576K
}
Event: 9.540 GC heap after
{Heap after GC invocations=26 (full 0):
 garbage-first heap   total 157696K, used 95644K [0x0000000741e00000, 0x0000000800000000)
  region size 2048K, 2 young (4096K), 2 survivors (4096K)
 Metaspace       used 72567K, committed 72896K, reserved 1114112K
  class space    used 7925K, committed 8064K, reserved 1048576K
}
Event: 10.465 GC heap before
{Heap before GC invocations=26 (full 0):
 garbage-first heap   total 157696K, used 136604K [0x0000000741e00000, 0x0000000800000000)
  region size 2048K, 22 young (45056K), 2 survivors (4096K)
 Metaspace       used 74985K, committed 75392K, reserved 1179648K
  class space    used 8169K, committed 8384K, reserved 1048576K
}
Event: 10.487 GC heap after
{Heap after GC invocations=27 (full 0):
 garbage-first heap   total 198656K, used 103718K [0x0000000741e00000, 0x0000000800000000)
  region size 2048K, 3 young (6144K), 3 survivors (6144K)
 Metaspace       used 74985K, committed 75392K, reserved 1179648K
  class space    used 8169K, committed 8384K, reserved 1048576K
}
Event: 12.491 GC heap before
{Heap before GC invocations=27 (full 0):
 garbage-first heap   total 198656K, used 169254K [0x0000000741e00000, 0x0000000800000000)
  region size 2048K, 35 young (71680K), 3 survivors (6144K)
 Metaspace       used 87203K, committed 87616K, reserved 1179648K
  class space    used 9232K, committed 9408K, reserved 1048576K
}
Event: 12.506 GC heap after
{Heap after GC invocations=28 (full 0):
 garbage-first heap   total 198656K, used 110104K [0x0000000741e00000, 0x0000000800000000)
  region size 2048K, 3 young (6144K), 3 survivors (6144K)
 Metaspace       used 87203K, committed 87616K, reserved 1179648K
  class space    used 9232K, committed 9408K, reserved 1048576K
}

